<?xml version="1.0" encoding="UTF-8"?>
<!-- Generated by org.testng.reporters.JUnitReportReporter -->
<testsuite hostname="LAPTOP-65H6OUS0" failures="0" tests="1" name="testCase.TC001_Login" time="0.952" errors="0" timestamp="2025-07-16T00:50:26 IST" skipped="0">
  <testcase classname="testCase.TC001_Login" name="verify_login" time="0.952"/>
</testsuite> <!-- testCase.TC001_Login -->
