<?xml version="1.0" encoding="UTF-8"?>
<!-- Generated by org.testng.reporters.JUnitReportReporter -->
<testsuite hostname="LAPTOP-65H6OUS0" failures="0" tests="2" name="testCase.TC002_AddCart" time="0.897" errors="0" timestamp="2025-07-16T01:16:26 IST" skipped="0">
  <testcase classname="testCase.TC002_AddCart" name="Verify_addCart" time="0.471"/>
  <testcase classname="testCase.TC002_AddCart" name="verify_login" time="0.426"/>
</testsuite> <!-- testCase.TC002_AddCart -->
